2026-06-25 10:27:34.705 +05:30 [INF] HotelService | Starting Hotel Service...
2026-06-25 10:27:39.885 +05:30 [INF] HotelService | Hotel Service started successfully on port 5002
2026-06-25 10:27:40.952 +05:30 [INF] HotelService | Now listening on: http://localhost:5002
2026-06-25 10:27:41.755 +05:30 [INF] HotelService | Application started. Press Ctrl+C to shut down.
2026-06-25 10:27:42.270 +05:30 [INF] HotelService | Hosting environment: Development
2026-06-25 10:27:42.517 +05:30 [INF] HotelService | Content root path: C:\Users\2492313\Downloads\Sruthi_frontend\updated-UI-main\backend\HotelService
2026-06-25 10:31:29.989 +05:30 [INF] HotelService | Starting Hotel Service...
2026-06-25 10:31:33.647 +05:30 [INF] HotelService | Hotel Service started successfully on port 5002
2026-06-25 10:31:34.246 +05:30 [INF] HotelService | Now listening on: http://localhost:5002
2026-06-25 10:31:34.464 +05:30 [INF] HotelService | Application started. Press Ctrl+C to shut down.
2026-06-25 10:31:34.468 +05:30 [INF] HotelService | Hosting environment: Development
2026-06-25 10:31:34.472 +05:30 [INF] HotelService | Content root path: C:\Users\2492313\Downloads\Sruthi_frontend\updated-UI-main\backend\HotelService
2026-06-25 10:44:32.312 +05:30 [INF] HotelService | Starting Hotel Service...
2026-06-25 10:44:32.590 +05:30 [FTL] HotelService | Hotel Service failed to start
Microsoft.Extensions.Hosting.HostAbortedException: The host was aborted.
   at Microsoft.Extensions.Hosting.HostFactoryResolver.HostingListener.ThrowHostAborted()
   at Microsoft.Extensions.Hosting.HostFactoryResolver.HostingListener.OnNext(KeyValuePair`2 value)
   at System.Diagnostics.DiagnosticListener.Write(String name, Object value)
   at Microsoft.Extensions.Hosting.HostBuilder.ResolveHost(IServiceProvider serviceProvider, DiagnosticListener diagnosticListener)
   at Microsoft.Extensions.Hosting.HostApplicationBuilder.Build()
   at Microsoft.AspNetCore.Builder.WebApplicationBuilder.Build()
   at Program.<Main>$(String[] args) in C:\Users\2492313\Downloads\Sruthi_frontend\updated-UI-main\backend\HotelService\Program.cs:line 94
2026-06-25 10:44:40.677 +05:30 [INF] HotelService | Starting Hotel Service...
2026-06-25 10:44:40.940 +05:30 [FTL] HotelService | Hotel Service failed to start
Microsoft.Extensions.Hosting.HostAbortedException: The host was aborted.
   at Microsoft.Extensions.Hosting.HostFactoryResolver.HostingListener.ThrowHostAborted()
   at Microsoft.Extensions.Hosting.HostFactoryResolver.HostingListener.OnNext(KeyValuePair`2 value)
   at System.Diagnostics.DiagnosticListener.Write(String name, Object value)
   at Microsoft.Extensions.Hosting.HostBuilder.ResolveHost(IServiceProvider serviceProvider, DiagnosticListener diagnosticListener)
   at Microsoft.Extensions.Hosting.HostApplicationBuilder.Build()
   at Microsoft.AspNetCore.Builder.WebApplicationBuilder.Build()
   at Program.<Main>$(String[] args) in C:\Users\2492313\Downloads\Sruthi_frontend\updated-UI-main\backend\HotelService\Program.cs:line 94
2026-06-25 10:57:43.699 +05:30 [INF] HotelService | Starting Hotel Service...
2026-06-25 10:57:48.152 +05:30 [INF] HotelService | Hotel Service started successfully on port 5002
2026-06-25 10:57:48.886 +05:30 [INF] HotelService | Now listening on: http://localhost:5002
2026-06-25 10:57:49.053 +05:30 [INF] HotelService | Application started. Press Ctrl+C to shut down.
2026-06-25 10:57:49.057 +05:30 [INF] HotelService | Hosting environment: Development
2026-06-25 10:57:49.068 +05:30 [INF] HotelService | Content root path: C:\Users\2492313\Downloads\Sruthi_frontend\updated-UI-main\backend\HotelService
2026-06-25 11:56:46.586 +05:30 [INF] HotelService | Starting Hotel Service...
2026-06-25 11:56:50.007 +05:30 [INF] HotelService | Hotel Service started successfully on port 5002
2026-06-25 11:56:50.870 +05:30 [INF] HotelService | Now listening on: http://localhost:5002
2026-06-25 11:56:51.048 +05:30 [INF] HotelService | Application started. Press Ctrl+C to shut down.
2026-06-25 11:56:51.119 +05:30 [INF] HotelService | Hosting environment: Development
2026-06-25 11:56:51.121 +05:30 [INF] HotelService | Content root path: C:\Users\2492313\Downloads\Sruthi_frontend\updated-UI-main\backend\HotelService
2026-06-25 11:57:18.215 +05:30 [INF] HotelService | Starting Hotel Service...
2026-06-25 11:57:22.025 +05:30 [INF] HotelService | Hotel Service started successfully on port 5002
2026-06-25 11:57:22.947 +05:30 [INF] HotelService | Now listening on: http://localhost:5002
2026-06-25 11:57:23.136 +05:30 [INF] HotelService | Application started. Press Ctrl+C to shut down.
2026-06-25 11:57:23.167 +05:30 [INF] HotelService | Hosting environment: Development
2026-06-25 11:57:23.181 +05:30 [INF] HotelService | Content root path: C:\Users\2492313\Downloads\Sruthi_frontend\updated-UI-main\backend\HotelService
2026-06-25 20:52:04.390 +05:30 [INF] HotelService | Starting Hotel Service...
2026-06-25 20:52:04.708 +05:30 [FTL] HotelService | Hotel Service failed to start
Microsoft.Extensions.Hosting.HostAbortedException: The host was aborted.
   at Microsoft.Extensions.Hosting.HostFactoryResolver.HostingListener.ThrowHostAborted()
   at Microsoft.Extensions.Hosting.HostFactoryResolver.HostingListener.OnNext(KeyValuePair`2 value)
   at System.Diagnostics.DiagnosticListener.Write(String name, Object value)
   at Microsoft.Extensions.Hosting.HostBuilder.ResolveHost(IServiceProvider serviceProvider, DiagnosticListener diagnosticListener)
   at Microsoft.Extensions.Hosting.HostApplicationBuilder.Build()
   at Microsoft.AspNetCore.Builder.WebApplicationBuilder.Build()
   at Program.<Main>$(String[] args) in C:\Users\2492212\OneDrive - Cognizant\Desktop\qwerty\Sruthi_frontend\updated-UI-main\backend\HotelService\Program.cs:line 94
2026-06-25 20:52:16.728 +05:30 [INF] HotelService | Starting Hotel Service...
2026-06-25 20:52:17.122 +05:30 [FTL] HotelService | Hotel Service failed to start
Microsoft.Extensions.Hosting.HostAbortedException: The host was aborted.
   at Microsoft.Extensions.Hosting.HostFactoryResolver.HostingListener.ThrowHostAborted()
   at Microsoft.Extensions.Hosting.HostFactoryResolver.HostingListener.OnNext(KeyValuePair`2 value)
   at System.Diagnostics.DiagnosticListener.Write(String name, Object value)
   at Microsoft.Extensions.Hosting.HostBuilder.ResolveHost(IServiceProvider serviceProvider, DiagnosticListener diagnosticListener)
   at Microsoft.Extensions.Hosting.HostApplicationBuilder.Build()
   at Microsoft.AspNetCore.Builder.WebApplicationBuilder.Build()
   at Program.<Main>$(String[] args) in C:\Users\2492212\OneDrive - Cognizant\Desktop\qwerty\Sruthi_frontend\updated-UI-main\backend\HotelService\Program.cs:line 94
2026-06-25 20:55:04.595 +05:30 [INF] HotelService | Starting Hotel Service...
2026-06-25 20:55:07.595 +05:30 [INF] HotelService | Hotel Service started successfully on port 5002
2026-06-25 20:55:08.196 +05:30 [INF] HotelService | Now listening on: http://localhost:5002
2026-06-25 20:55:08.380 +05:30 [INF] HotelService | Application started. Press Ctrl+C to shut down.
2026-06-25 20:55:08.391 +05:30 [INF] HotelService | Hosting environment: Development
2026-06-25 20:55:08.394 +05:30 [INF] HotelService | Content root path: C:\Users\2492212\OneDrive - Cognizant\Desktop\qwerty\Sruthi_frontend\updated-UI-main\backend\HotelService
2026-06-25 22:29:43.652 +05:30 [INF] HotelService | Starting Hotel Service...
2026-06-25 22:29:43.978 +05:30 [FTL] HotelService | Hotel Service failed to start
Microsoft.Extensions.Hosting.HostAbortedException: The host was aborted.
   at Microsoft.Extensions.Hosting.HostFactoryResolver.HostingListener.ThrowHostAborted()
   at Microsoft.Extensions.Hosting.HostFactoryResolver.HostingListener.OnNext(KeyValuePair`2 value)
   at System.Diagnostics.DiagnosticListener.Write(String name, Object value)
   at Microsoft.Extensions.Hosting.HostBuilder.ResolveHost(IServiceProvider serviceProvider, DiagnosticListener diagnosticListener)
   at Microsoft.Extensions.Hosting.HostApplicationBuilder.Build()
   at Microsoft.AspNetCore.Builder.WebApplicationBuilder.Build()
   at Program.<Main>$(String[] args) in C:\Users\2492212\OneDrive - Cognizant\Desktop\qwerty\Sruthi_frontend\updated-UI-main\backend\HotelService\Program.cs:line 94
2026-06-25 22:29:58.936 +05:30 [INF] HotelService | Starting Hotel Service...
2026-06-25 22:29:59.245 +05:30 [FTL] HotelService | Hotel Service failed to start
Microsoft.Extensions.Hosting.HostAbortedException: The host was aborted.
   at Microsoft.Extensions.Hosting.HostFactoryResolver.HostingListener.ThrowHostAborted()
   at Microsoft.Extensions.Hosting.HostFactoryResolver.HostingListener.OnNext(KeyValuePair`2 value)
   at System.Diagnostics.DiagnosticListener.Write(String name, Object value)
   at Microsoft.Extensions.Hosting.HostBuilder.ResolveHost(IServiceProvider serviceProvider, DiagnosticListener diagnosticListener)
   at Microsoft.Extensions.Hosting.HostApplicationBuilder.Build()
   at Microsoft.AspNetCore.Builder.WebApplicationBuilder.Build()
   at Program.<Main>$(String[] args) in C:\Users\2492212\OneDrive - Cognizant\Desktop\qwerty\Sruthi_frontend\updated-UI-main\backend\HotelService\Program.cs:line 94
2026-06-25 22:36:45.037 +05:30 [INF] HotelService | Starting Hotel Service...
2026-06-25 22:36:50.003 +05:30 [INF] HotelService | Hotel Service started successfully on port 5002
2026-06-25 22:36:50.547 +05:30 [INF] HotelService | Now listening on: http://localhost:5002
2026-06-25 22:36:51.710 +05:30 [INF] HotelService | Application started. Press Ctrl+C to shut down.
2026-06-25 22:36:51.737 +05:30 [INF] HotelService | Hosting environment: Development
2026-06-25 22:36:51.767 +05:30 [INF] HotelService | Content root path: C:\Users\2492212\OneDrive - Cognizant\Desktop\qwerty\Sruthi_frontend\updated-UI-main\backend\HotelService
