2026-06-25 10:27:34.312 +05:30 [INF] LoyaltyService | Starting Loyalty Service...
2026-06-25 10:27:39.333 +05:30 [INF] LoyaltyService | Loyalty Service started successfully on port 5007
2026-06-25 10:27:40.164 +05:30 [INF] LoyaltyService | Now listening on: http://localhost:5007
2026-06-25 10:27:40.336 +05:30 [INF] LoyaltyService | Application started. Press Ctrl+C to shut down.
2026-06-25 10:27:40.350 +05:30 [INF] LoyaltyService | Hosting environment: Development
2026-06-25 10:27:40.352 +05:30 [INF] LoyaltyService | Content root path: C:\Users\2492313\Downloads\Sruthi_frontend\updated-UI-main\backend\LoyaltyService
2026-06-25 10:31:29.881 +05:30 [INF] LoyaltyService | Starting Loyalty Service...
2026-06-25 10:31:33.676 +05:30 [INF] LoyaltyService | Loyalty Service started successfully on port 5007
2026-06-25 10:31:34.228 +05:30 [INF] LoyaltyService | Now listening on: http://localhost:5007
2026-06-25 10:31:34.657 +05:30 [INF] LoyaltyService | Application started. Press Ctrl+C to shut down.
2026-06-25 10:31:34.659 +05:30 [INF] LoyaltyService | Hosting environment: Development
2026-06-25 10:31:34.664 +05:30 [INF] LoyaltyService | Content root path: C:\Users\2492313\Downloads\Sruthi_frontend\updated-UI-main\backend\LoyaltyService
2026-06-25 10:44:57.745 +05:30 [INF] LoyaltyService | Starting Loyalty Service...
2026-06-25 10:44:58.030 +05:30 [FTL] LoyaltyService | Loyalty Service failed to start
Microsoft.Extensions.Hosting.HostAbortedException: The host was aborted.
   at Microsoft.Extensions.Hosting.HostFactoryResolver.HostingListener.ThrowHostAborted()
   at Microsoft.Extensions.Hosting.HostFactoryResolver.HostingListener.OnNext(KeyValuePair`2 value)
   at System.Diagnostics.DiagnosticListener.Write(String name, Object value)
   at Microsoft.Extensions.Hosting.HostBuilder.ResolveHost(IServiceProvider serviceProvider, DiagnosticListener diagnosticListener)
   at Microsoft.Extensions.Hosting.HostApplicationBuilder.Build()
   at Microsoft.AspNetCore.Builder.WebApplicationBuilder.Build()
   at Program.<Main>$(String[] args) in C:\Users\2492313\Downloads\Sruthi_frontend\updated-UI-main\backend\LoyaltyService\Program.cs:line 98
2026-06-25 10:45:09.455 +05:30 [INF] LoyaltyService | Starting Loyalty Service...
2026-06-25 10:45:09.738 +05:30 [FTL] LoyaltyService | Loyalty Service failed to start
Microsoft.Extensions.Hosting.HostAbortedException: The host was aborted.
   at Microsoft.Extensions.Hosting.HostFactoryResolver.HostingListener.ThrowHostAborted()
   at Microsoft.Extensions.Hosting.HostFactoryResolver.HostingListener.OnNext(KeyValuePair`2 value)
   at System.Diagnostics.DiagnosticListener.Write(String name, Object value)
   at Microsoft.Extensions.Hosting.HostBuilder.ResolveHost(IServiceProvider serviceProvider, DiagnosticListener diagnosticListener)
   at Microsoft.Extensions.Hosting.HostApplicationBuilder.Build()
   at Microsoft.AspNetCore.Builder.WebApplicationBuilder.Build()
   at Program.<Main>$(String[] args) in C:\Users\2492313\Downloads\Sruthi_frontend\updated-UI-main\backend\LoyaltyService\Program.cs:line 98
2026-06-25 10:57:44.028 +05:30 [INF] LoyaltyService | Starting Loyalty Service...
2026-06-25 10:57:48.205 +05:30 [INF] LoyaltyService | Loyalty Service started successfully on port 5007
2026-06-25 10:57:48.888 +05:30 [INF] LoyaltyService | Now listening on: http://localhost:5007
2026-06-25 10:57:49.038 +05:30 [INF] LoyaltyService | Application started. Press Ctrl+C to shut down.
2026-06-25 10:57:49.043 +05:30 [INF] LoyaltyService | Hosting environment: Development
2026-06-25 10:57:49.047 +05:30 [INF] LoyaltyService | Content root path: C:\Users\2492313\Downloads\Sruthi_frontend\updated-UI-main\backend\LoyaltyService
2026-06-25 11:56:47.557 +05:30 [INF] LoyaltyService | Starting Loyalty Service...
2026-06-25 11:56:50.908 +05:30 [INF] LoyaltyService | Loyalty Service started successfully on port 5007
2026-06-25 11:56:51.806 +05:30 [INF] LoyaltyService | Now listening on: http://localhost:5007
2026-06-25 11:56:52.160 +05:30 [INF] LoyaltyService | Application started. Press Ctrl+C to shut down.
2026-06-25 11:56:52.184 +05:30 [INF] LoyaltyService | Hosting environment: Development
2026-06-25 11:56:52.187 +05:30 [INF] LoyaltyService | Content root path: C:\Users\2492313\Downloads\Sruthi_frontend\updated-UI-main\backend\LoyaltyService
2026-06-25 11:57:18.513 +05:30 [INF] LoyaltyService | Starting Loyalty Service...
2026-06-25 11:57:22.570 +05:30 [INF] LoyaltyService | Loyalty Service started successfully on port 5007
2026-06-25 11:57:23.639 +05:30 [INF] LoyaltyService | Now listening on: http://localhost:5007
2026-06-25 11:57:23.816 +05:30 [INF] LoyaltyService | Application started. Press Ctrl+C to shut down.
2026-06-25 11:57:23.824 +05:30 [INF] LoyaltyService | Hosting environment: Development
2026-06-25 11:57:23.831 +05:30 [INF] LoyaltyService | Content root path: C:\Users\2492313\Downloads\Sruthi_frontend\updated-UI-main\backend\LoyaltyService
2026-06-25 20:52:28.849 +05:30 [INF] LoyaltyService | Starting Loyalty Service...
2026-06-25 20:52:29.148 +05:30 [FTL] LoyaltyService | Loyalty Service failed to start
Microsoft.Extensions.Hosting.HostAbortedException: The host was aborted.
   at Microsoft.Extensions.Hosting.HostFactoryResolver.HostingListener.ThrowHostAborted()
   at Microsoft.Extensions.Hosting.HostFactoryResolver.HostingListener.OnNext(KeyValuePair`2 value)
   at System.Diagnostics.DiagnosticListener.Write(String name, Object value)
   at Microsoft.Extensions.Hosting.HostBuilder.ResolveHost(IServiceProvider serviceProvider, DiagnosticListener diagnosticListener)
   at Microsoft.Extensions.Hosting.HostApplicationBuilder.Build()
   at Microsoft.AspNetCore.Builder.WebApplicationBuilder.Build()
   at Program.<Main>$(String[] args) in C:\Users\2492212\OneDrive - Cognizant\Desktop\qwerty\Sruthi_frontend\updated-UI-main\backend\LoyaltyService\Program.cs:line 98
2026-06-25 20:52:59.083 +05:30 [INF] LoyaltyService | Starting Loyalty Service...
2026-06-25 20:52:59.414 +05:30 [FTL] LoyaltyService | Loyalty Service failed to start
Microsoft.Extensions.Hosting.HostAbortedException: The host was aborted.
   at Microsoft.Extensions.Hosting.HostFactoryResolver.HostingListener.ThrowHostAborted()
   at Microsoft.Extensions.Hosting.HostFactoryResolver.HostingListener.OnNext(KeyValuePair`2 value)
   at System.Diagnostics.DiagnosticListener.Write(String name, Object value)
   at Microsoft.Extensions.Hosting.HostBuilder.ResolveHost(IServiceProvider serviceProvider, DiagnosticListener diagnosticListener)
   at Microsoft.Extensions.Hosting.HostApplicationBuilder.Build()
   at Microsoft.AspNetCore.Builder.WebApplicationBuilder.Build()
   at Program.<Main>$(String[] args) in C:\Users\2492212\OneDrive - Cognizant\Desktop\qwerty\Sruthi_frontend\updated-UI-main\backend\LoyaltyService\Program.cs:line 98
2026-06-25 20:55:02.885 +05:30 [INF] LoyaltyService | Starting Loyalty Service...
2026-06-25 20:55:05.053 +05:30 [INF] LoyaltyService | Loyalty Service started successfully on port 5007
2026-06-25 20:55:06.603 +05:30 [INF] LoyaltyService | Now listening on: http://localhost:5007
2026-06-25 20:55:07.180 +05:30 [INF] LoyaltyService | Application started. Press Ctrl+C to shut down.
2026-06-25 20:55:07.234 +05:30 [INF] LoyaltyService | Hosting environment: Development
2026-06-25 20:55:07.238 +05:30 [INF] LoyaltyService | Content root path: C:\Users\2492212\OneDrive - Cognizant\Desktop\qwerty\Sruthi_frontend\updated-UI-main\backend\LoyaltyService
2026-06-25 22:30:11.417 +05:30 [INF] LoyaltyService | Starting Loyalty Service...
2026-06-25 22:30:11.717 +05:30 [FTL] LoyaltyService | Loyalty Service failed to start
Microsoft.Extensions.Hosting.HostAbortedException: The host was aborted.
   at Microsoft.Extensions.Hosting.HostFactoryResolver.HostingListener.ThrowHostAborted()
   at Microsoft.Extensions.Hosting.HostFactoryResolver.HostingListener.OnNext(KeyValuePair`2 value)
   at System.Diagnostics.DiagnosticListener.Write(String name, Object value)
   at Microsoft.Extensions.Hosting.HostBuilder.ResolveHost(IServiceProvider serviceProvider, DiagnosticListener diagnosticListener)
   at Microsoft.Extensions.Hosting.HostApplicationBuilder.Build()
   at Microsoft.AspNetCore.Builder.WebApplicationBuilder.Build()
   at Program.<Main>$(String[] args) in C:\Users\2492212\OneDrive - Cognizant\Desktop\qwerty\Sruthi_frontend\updated-UI-main\backend\LoyaltyService\Program.cs:line 98
2026-06-25 22:30:19.588 +05:30 [INF] LoyaltyService | Starting Loyalty Service...
2026-06-25 22:30:19.901 +05:30 [FTL] LoyaltyService | Loyalty Service failed to start
Microsoft.Extensions.Hosting.HostAbortedException: The host was aborted.
   at Microsoft.Extensions.Hosting.HostFactoryResolver.HostingListener.ThrowHostAborted()
   at Microsoft.Extensions.Hosting.HostFactoryResolver.HostingListener.OnNext(KeyValuePair`2 value)
   at System.Diagnostics.DiagnosticListener.Write(String name, Object value)
   at Microsoft.Extensions.Hosting.HostBuilder.ResolveHost(IServiceProvider serviceProvider, DiagnosticListener diagnosticListener)
   at Microsoft.Extensions.Hosting.HostApplicationBuilder.Build()
   at Microsoft.AspNetCore.Builder.WebApplicationBuilder.Build()
   at Program.<Main>$(String[] args) in C:\Users\2492212\OneDrive - Cognizant\Desktop\qwerty\Sruthi_frontend\updated-UI-main\backend\LoyaltyService\Program.cs:line 98
2026-06-25 22:36:41.680 +05:30 [INF] LoyaltyService | Starting Loyalty Service...
2026-06-25 22:36:43.774 +05:30 [INF] LoyaltyService | Loyalty Service started successfully on port 5007
2026-06-25 22:36:44.371 +05:30 [INF] LoyaltyService | Now listening on: http://localhost:5007
2026-06-25 22:36:44.556 +05:30 [INF] LoyaltyService | Application started. Press Ctrl+C to shut down.
2026-06-25 22:36:44.590 +05:30 [INF] LoyaltyService | Hosting environment: Development
2026-06-25 22:36:44.594 +05:30 [INF] LoyaltyService | Content root path: C:\Users\2492212\OneDrive - Cognizant\Desktop\qwerty\Sruthi_frontend\updated-UI-main\backend\LoyaltyService
