2026-06-26 08:59:31.098 +05:30 [INF] AuthService | Starting Auth Service...
2026-06-26 08:59:38.232 +05:30 [INF] AuthService | JWT configured with Issuer: SmartHotelBooking
2026-06-26 08:59:42.505 +05:30 [INF] AuthService | Auth Service started successfully on port 5001
2026-06-26 08:59:45.567 +05:30 [INF] AuthService | Now listening on: http://localhost:5001
2026-06-26 08:59:46.767 +05:30 [INF] AuthService | Application started. Press Ctrl+C to shut down.
2026-06-26 08:59:46.854 +05:30 [INF] AuthService | Hosting environment: Development
2026-06-26 08:59:47.073 +05:30 [INF] AuthService | Content root path: C:\Users\2492212\OneDrive - Cognizant\Desktop\qwerty\Sruthi_frontend\updated-UI-main\backend\AuthService
2026-06-26 10:27:03.827 +05:30 [INF] AuthService | Starting Auth Service...
2026-06-26 10:27:11.860 +05:30 [INF] AuthService | JWT configured with Issuer: SmartHotelBooking
2026-06-26 10:27:15.447 +05:30 [INF] AuthService | Auth Service started successfully on port 5001
2026-06-26 10:27:16.486 +05:30 [INF] AuthService | Now listening on: http://localhost:5001
2026-06-26 10:27:17.000 +05:30 [INF] AuthService | Application started. Press Ctrl+C to shut down.
2026-06-26 10:27:17.006 +05:30 [INF] AuthService | Hosting environment: Development
2026-06-26 10:27:17.009 +05:30 [INF] AuthService | Content root path: C:\Users\2492212\OneDrive - Cognizant\Desktop\qwerty\Sruthi_frontend\updated-UI-main\backend\AuthService
2026-06-26 10:40:10.796 +05:30 [INF] AuthService | Starting Auth Service...
2026-06-26 10:40:12.044 +05:30 [INF] AuthService | JWT configured with Issuer: SmartHotelBooking
2026-06-26 10:40:13.437 +05:30 [INF] AuthService | Auth Service started successfully on port 5001
2026-06-26 10:40:14.122 +05:30 [INF] AuthService | Now listening on: http://localhost:5001
2026-06-26 10:40:14.414 +05:30 [INF] AuthService | Application started. Press Ctrl+C to shut down.
2026-06-26 10:40:14.433 +05:30 [INF] AuthService | Hosting environment: Development
2026-06-26 10:40:14.446 +05:30 [INF] AuthService | Content root path: C:\Users\2492212\OneDrive - Cognizant\Desktop\qwerty\Sruthi_frontend\updated-UI-main\backend\AuthService
2026-06-26 11:48:26.275 +05:30 [INF] AuthService | Starting Auth Service...
2026-06-26 11:48:31.668 +05:30 [INF] AuthService | JWT configured with Issuer: SmartHotelBooking
2026-06-26 11:48:33.374 +05:30 [INF] AuthService | Auth Service started successfully on port 5001
2026-06-26 11:48:34.240 +05:30 [INF] AuthService | Now listening on: http://localhost:5001
2026-06-26 11:48:34.497 +05:30 [INF] AuthService | Application started. Press Ctrl+C to shut down.
2026-06-26 11:48:34.821 +05:30 [INF] AuthService | Hosting environment: Development
2026-06-26 11:48:34.932 +05:30 [INF] AuthService | Content root path: C:\Users\2492212\OneDrive - Cognizant\Desktop\qwerty\Sruthi_frontend\updated-UI-main\backend\AuthService
2026-06-26 11:58:58.386 +05:30 [INF] AuthService | Starting Auth Service...
2026-06-26 11:58:59.484 +05:30 [INF] AuthService | JWT configured with Issuer: SmartHotelBooking
2026-06-26 11:59:00.248 +05:30 [INF] AuthService | Auth Service started successfully on port 5001
2026-06-26 11:59:00.762 +05:30 [INF] AuthService | Now listening on: http://localhost:5001
2026-06-26 11:59:00.942 +05:30 [INF] AuthService | Application started. Press Ctrl+C to shut down.
2026-06-26 11:59:01.004 +05:30 [INF] AuthService | Hosting environment: Development
2026-06-26 11:59:01.044 +05:30 [INF] AuthService | Content root path: C:\Users\2492212\OneDrive - Cognizant\Desktop\qwerty\Sruthi_frontend\updated-UI-main\backend\AuthService
2026-06-26 12:01:42.875 +05:30 [INF] AuthService | Starting Auth Service...
2026-06-26 12:01:43.930 +05:30 [INF] AuthService | JWT configured with Issuer: SmartHotelBooking
2026-06-26 12:01:44.702 +05:30 [INF] AuthService | Auth Service started successfully on port 5001
2026-06-26 12:01:45.357 +05:30 [INF] AuthService | Now listening on: http://localhost:5001
2026-06-26 12:01:45.491 +05:30 [INF] AuthService | Application started. Press Ctrl+C to shut down.
2026-06-26 12:01:45.592 +05:30 [INF] AuthService | Hosting environment: Development
2026-06-26 12:01:45.613 +05:30 [INF] AuthService | Content root path: C:\Users\2492212\OneDrive - Cognizant\Desktop\qwerty\Sruthi_frontend\updated-UI-main\backend\AuthService
2026-06-26 14:58:22.329 +05:30 [INF] AuthService | Starting Auth Service...
2026-06-26 14:58:22.500 +05:30 [INF] AuthService | JWT configured with Issuer: SmartHotelBooking
2026-06-26 14:58:22.546 +05:30 [FTL] AuthService | Auth Service failed to start
Microsoft.Extensions.Hosting.HostAbortedException: The host was aborted.
   at Microsoft.Extensions.Hosting.HostFactoryResolver.HostingListener.ThrowHostAborted()
   at Microsoft.Extensions.Hosting.HostFactoryResolver.HostingListener.OnNext(KeyValuePair`2 value)
   at System.Diagnostics.DiagnosticListener.Write(String name, Object value)
   at Microsoft.Extensions.Hosting.HostBuilder.ResolveHost(IServiceProvider serviceProvider, DiagnosticListener diagnosticListener)
   at Microsoft.Extensions.Hosting.HostApplicationBuilder.Build()
   at Microsoft.AspNetCore.Builder.WebApplicationBuilder.Build()
   at Program.<Main>$(String[] args) in C:\Users\2492194\Downloads\backend\backend\AuthService\Program.cs:line 99
2026-06-26 14:58:32.654 +05:30 [INF] AuthService | Starting Auth Service...
2026-06-26 14:58:32.809 +05:30 [INF] AuthService | JWT configured with Issuer: SmartHotelBooking
2026-06-26 14:58:32.853 +05:30 [FTL] AuthService | Auth Service failed to start
Microsoft.Extensions.Hosting.HostAbortedException: The host was aborted.
   at Microsoft.Extensions.Hosting.HostFactoryResolver.HostingListener.ThrowHostAborted()
   at Microsoft.Extensions.Hosting.HostFactoryResolver.HostingListener.OnNext(KeyValuePair`2 value)
   at System.Diagnostics.DiagnosticListener.Write(String name, Object value)
   at Microsoft.Extensions.Hosting.HostBuilder.ResolveHost(IServiceProvider serviceProvider, DiagnosticListener diagnosticListener)
   at Microsoft.Extensions.Hosting.HostApplicationBuilder.Build()
   at Microsoft.AspNetCore.Builder.WebApplicationBuilder.Build()
   at Program.<Main>$(String[] args) in C:\Users\2492194\Downloads\backend\backend\AuthService\Program.cs:line 99
2026-06-26 17:04:31.547 +05:30 [INF] AuthService | Starting Auth Service...
2026-06-26 17:04:32.021 +05:30 [INF] AuthService | JWT configured with Issuer: SmartHotelBooking
2026-06-26 17:04:32.127 +05:30 [FTL] AuthService | Auth Service failed to start
Microsoft.Extensions.Hosting.HostAbortedException: The host was aborted.
   at Microsoft.Extensions.Hosting.HostFactoryResolver.HostingListener.ThrowHostAborted()
   at Microsoft.Extensions.Hosting.HostFactoryResolver.HostingListener.OnNext(KeyValuePair`2 value)
   at System.Diagnostics.DiagnosticListener.Write(String name, Object value)
   at Microsoft.Extensions.Hosting.HostBuilder.ResolveHost(IServiceProvider serviceProvider, DiagnosticListener diagnosticListener)
   at Microsoft.Extensions.Hosting.HostApplicationBuilder.Build()
   at Microsoft.AspNetCore.Builder.WebApplicationBuilder.Build()
   at Program.<Main>$(String[] args) in C:\Users\2492194\Downloads\backend\backend\AuthService\Program.cs:line 99
2026-06-26 17:04:43.015 +05:30 [INF] AuthService | Starting Auth Service...
2026-06-26 17:04:43.335 +05:30 [INF] AuthService | JWT configured with Issuer: SmartHotelBooking
2026-06-26 17:04:43.427 +05:30 [FTL] AuthService | Auth Service failed to start
Microsoft.Extensions.Hosting.HostAbortedException: The host was aborted.
   at Microsoft.Extensions.Hosting.HostFactoryResolver.HostingListener.ThrowHostAborted()
   at Microsoft.Extensions.Hosting.HostFactoryResolver.HostingListener.OnNext(KeyValuePair`2 value)
   at System.Diagnostics.DiagnosticListener.Write(String name, Object value)
   at Microsoft.Extensions.Hosting.HostBuilder.ResolveHost(IServiceProvider serviceProvider, DiagnosticListener diagnosticListener)
   at Microsoft.Extensions.Hosting.HostApplicationBuilder.Build()
   at Microsoft.AspNetCore.Builder.WebApplicationBuilder.Build()
   at Program.<Main>$(String[] args) in C:\Users\2492194\Downloads\backend\backend\AuthService\Program.cs:line 99
2026-06-26 17:13:30.886 +05:30 [INF] AuthService | Starting Auth Service...
2026-06-26 17:13:31.851 +05:30 [INF] AuthService | JWT configured with Issuer: SmartHotelBooking
2026-06-26 17:13:32.446 +05:30 [INF] AuthService | Auth Service started successfully on port 5001
2026-06-26 17:13:32.858 +05:30 [INF] AuthService | Now listening on: http://localhost:5001
2026-06-26 17:13:33.374 +05:30 [INF] AuthService | Application started. Press Ctrl+C to shut down.
2026-06-26 17:13:33.380 +05:30 [INF] AuthService | Hosting environment: Development
2026-06-26 17:13:33.382 +05:30 [INF] AuthService | Content root path: C:\Users\2492194\Downloads\backend\backend\AuthService
