2026-06-28 00:06:42.864 +05:30 [INF] PaymentService | Starting Payment Service...
2026-06-28 00:06:46.360 +05:30 [INF] PaymentService | Payment Service started successfully on port 5005
2026-06-28 00:06:47.571 +05:30 [INF] PaymentService | Now listening on: http://localhost:5005
2026-06-28 00:06:47.971 +05:30 [INF] PaymentService | Application started. Press Ctrl+C to shut down.
2026-06-28 00:06:47.974 +05:30 [INF] PaymentService | Hosting environment: Development
2026-06-28 00:06:47.983 +05:30 [INF] PaymentService | Content root path: C:\Users\2492194\Downloads\backend\backend\PaymentService
2026-06-28 23:27:23.950 +05:30 [INF] PaymentService | Starting Payment Service...
2026-06-28 23:27:27.087 +05:30 [INF] PaymentService | Payment Service started successfully on port 5005
2026-06-28 23:27:29.392 +05:30 [INF] PaymentService | Now listening on: http://localhost:5005
2026-06-28 23:27:31.315 +05:30 [INF] PaymentService | Application started. Press Ctrl+C to shut down.
2026-06-28 23:27:31.369 +05:30 [INF] PaymentService | Hosting environment: Development
2026-06-28 23:27:31.371 +05:30 [INF] PaymentService | Content root path: C:\Users\2492194\OneDrive - Cognizant\Documents\Internship Project\backend\backend\PaymentService
2026-06-28 23:29:47.369 +05:30 [INF] PaymentService | Start processing HTTP request PUT http://localhost:5004/api/bookings/6/payment
2026-06-28 23:29:47.376 +05:30 [INF] PaymentService | Sending HTTP request PUT http://localhost:5004/api/bookings/6/payment
2026-06-28 23:29:47.477 +05:30 [INF] PaymentService | Received HTTP response headers after 93.9978ms - 200
2026-06-28 23:29:47.487 +05:30 [INF] PaymentService | End processing HTTP request after 126.3249ms - 200
2026-06-28 23:29:47.496 +05:30 [INF] PaymentService | Start processing HTTP request POST http://localhost:5007/api/loyalty/redeem
2026-06-28 23:29:47.498 +05:30 [INF] PaymentService | Sending HTTP request POST http://localhost:5007/api/loyalty/redeem
2026-06-28 23:29:47.825 +05:30 [INF] PaymentService | Received HTTP response headers after 324.2688ms - 200
2026-06-28 23:29:47.827 +05:30 [INF] PaymentService | End processing HTTP request after 330.88ms - 200
2026-06-28 23:29:47.829 +05:30 [INF] PaymentService | Successfully redeemed 10000 points for booking 6
2026-06-28 23:29:47.835 +05:30 [INF] PaymentService | Start processing HTTP request POST http://localhost:5007/api/loyalty/earn
2026-06-28 23:29:47.837 +05:30 [INF] PaymentService | Sending HTTP request POST http://localhost:5007/api/loyalty/earn
2026-06-28 23:29:47.870 +05:30 [INF] PaymentService | Received HTTP response headers after 32.0033ms - 200
2026-06-28 23:29:47.872 +05:30 [INF] PaymentService | End processing HTTP request after 37.8706ms - 200
2026-06-28 23:29:47.875 +05:30 [INF] PaymentService | Successfully earned loyalty points for booking 6 with amount 3300.00
2026-06-28 23:43:49.790 +05:30 [INF] PaymentService | Starting Payment Service...
2026-06-28 23:43:52.052 +05:30 [INF] PaymentService | Payment Service started successfully on port 5005
2026-06-28 23:43:52.599 +05:30 [INF] PaymentService | Now listening on: http://localhost:5005
2026-06-28 23:43:53.198 +05:30 [INF] PaymentService | Application started. Press Ctrl+C to shut down.
2026-06-28 23:43:53.218 +05:30 [INF] PaymentService | Hosting environment: Development
2026-06-28 23:43:53.220 +05:30 [INF] PaymentService | Content root path: C:\Users\2492194\OneDrive - Cognizant\Documents\Internship Project\backend\backend\PaymentService
2026-06-28 23:46:24.077 +05:30 [INF] PaymentService | Starting Payment Service...
2026-06-28 23:46:25.396 +05:30 [INF] PaymentService | Payment Service started successfully on port 5005
2026-06-28 23:46:27.186 +05:30 [INF] PaymentService | Now listening on: http://localhost:5005
2026-06-28 23:46:27.888 +05:30 [INF] PaymentService | Application started. Press Ctrl+C to shut down.
2026-06-28 23:46:27.899 +05:30 [INF] PaymentService | Hosting environment: Development
2026-06-28 23:46:27.954 +05:30 [INF] PaymentService | Content root path: C:\Users\2492194\OneDrive - Cognizant\Documents\Internship Project\backend\backend\PaymentService
2026-06-28 23:48:00.934 +05:30 [INF] PaymentService | Start processing HTTP request PUT http://localhost:5004/api/bookings/7/payment
2026-06-28 23:48:00.943 +05:30 [INF] PaymentService | Sending HTTP request PUT http://localhost:5004/api/bookings/7/payment
2026-06-28 23:48:01.298 +05:30 [INF] PaymentService | Received HTTP response headers after 349.4673ms - 200
2026-06-28 23:48:01.310 +05:30 [INF] PaymentService | End processing HTTP request after 380.4247ms - 200
2026-06-28 23:48:01.321 +05:30 [INF] PaymentService | Start processing HTTP request POST http://localhost:5007/api/loyalty/earn
2026-06-28 23:48:01.324 +05:30 [INF] PaymentService | Sending HTTP request POST http://localhost:5007/api/loyalty/earn
2026-06-28 23:48:01.765 +05:30 [INF] PaymentService | Received HTTP response headers after 438.0737ms - 200
2026-06-28 23:48:01.768 +05:30 [INF] PaymentService | End processing HTTP request after 447.1054ms - 200
2026-06-28 23:48:01.772 +05:30 [INF] PaymentService | Successfully earned loyalty points for booking 7 with amount 5500.00
2026-06-28 23:53:34.156 +05:30 [INF] PaymentService | Starting Payment Service...
2026-06-28 23:53:35.462 +05:30 [INF] PaymentService | Payment Service started successfully on port 5005
2026-06-28 23:53:35.934 +05:30 [INF] PaymentService | Now listening on: http://localhost:5005
2026-06-28 23:53:36.063 +05:30 [INF] PaymentService | Application started. Press Ctrl+C to shut down.
2026-06-28 23:53:36.930 +05:30 [INF] PaymentService | Hosting environment: Development
2026-06-28 23:53:37.746 +05:30 [INF] PaymentService | Content root path: C:\Users\2492194\OneDrive - Cognizant\Documents\Internship Project\backend\backend\PaymentService
2026-06-28 23:55:50.674 +05:30 [INF] PaymentService | Start processing HTTP request PUT http://localhost:5004/api/bookings/8/payment
2026-06-28 23:55:50.684 +05:30 [INF] PaymentService | Sending HTTP request PUT http://localhost:5004/api/bookings/8/payment
2026-06-28 23:55:50.777 +05:30 [INF] PaymentService | Received HTTP response headers after 87.1153ms - 200
2026-06-28 23:55:50.784 +05:30 [INF] PaymentService | End processing HTTP request after 119.3615ms - 200
2026-06-28 23:55:50.793 +05:30 [INF] PaymentService | Start processing HTTP request POST http://localhost:5007/api/loyalty/earn
2026-06-28 23:55:50.795 +05:30 [INF] PaymentService | Sending HTTP request POST http://localhost:5007/api/loyalty/earn
2026-06-28 23:55:51.258 +05:30 [INF] PaymentService | Received HTTP response headers after 461.9811ms - 200
2026-06-28 23:55:51.261 +05:30 [INF] PaymentService | End processing HTTP request after 468.2602ms - 200
2026-06-28 23:55:51.265 +05:30 [INF] PaymentService | Successfully earned loyalty points for booking 8 with amount 2850.00
