2026-06-26 08:59:28.219 +05:30 [INF] PaymentService | Starting Payment Service...
2026-06-26 08:59:32.775 +05:30 [INF] PaymentService | Payment Service started successfully on port 5005
2026-06-26 08:59:35.168 +05:30 [INF] PaymentService | Now listening on: http://localhost:5005
2026-06-26 08:59:37.242 +05:30 [INF] PaymentService | Application started. Press Ctrl+C to shut down.
2026-06-26 08:59:37.832 +05:30 [INF] PaymentService | Hosting environment: Development
2026-06-26 08:59:38.126 +05:30 [INF] PaymentService | Content root path: C:\Users\2492212\OneDrive - Cognizant\Desktop\qwerty\Sruthi_frontend\updated-UI-main\backend\PaymentService
2026-06-26 10:27:02.797 +05:30 [INF] PaymentService | Starting Payment Service...
2026-06-26 10:27:12.656 +05:30 [INF] PaymentService | Payment Service started successfully on port 5005
2026-06-26 10:27:18.570 +05:30 [INF] PaymentService | Now listening on: http://localhost:5005
2026-06-26 10:27:18.849 +05:30 [INF] PaymentService | Application started. Press Ctrl+C to shut down.
2026-06-26 10:27:18.871 +05:30 [INF] PaymentService | Hosting environment: Development
2026-06-26 10:27:18.910 +05:30 [INF] PaymentService | Content root path: C:\Users\2492212\OneDrive - Cognizant\Desktop\qwerty\Sruthi_frontend\updated-UI-main\backend\PaymentService
2026-06-26 10:40:10.952 +05:30 [INF] PaymentService | Starting Payment Service...
2026-06-26 10:40:13.380 +05:30 [INF] PaymentService | Payment Service started successfully on port 5005
2026-06-26 10:40:14.122 +05:30 [INF] PaymentService | Now listening on: http://localhost:5005
2026-06-26 10:40:14.301 +05:30 [INF] PaymentService | Application started. Press Ctrl+C to shut down.
2026-06-26 10:40:14.412 +05:30 [INF] PaymentService | Hosting environment: Development
2026-06-26 10:40:14.428 +05:30 [INF] PaymentService | Content root path: C:\Users\2492212\OneDrive - Cognizant\Desktop\qwerty\Sruthi_frontend\updated-UI-main\backend\PaymentService
2026-06-26 11:31:17.795 +05:30 [ERR] PaymentService | An error occurred using the connection to database 'SmartHotel_PaymentDb' on server '(localdb)\MSSQLLocalDB'.
2026-06-26 11:31:17.954 +05:30 [ERR] PaymentService | An exception occurred while iterating over the results of a query for context type 'PaymentService.Data.PaymentDbContext'.
Microsoft.Data.SqlClient.SqlException (0x80131904): Connection Timeout Expired.  The timeout period elapsed while attempting to consume the pre-login handshake acknowledgement.  This could be because the pre-login handshake failed or the server was unable to respond back in time.  The duration spent while attempting to connect to this server was - [Pre-Login] initialization=17025; handshake=11; 
 ---> System.ComponentModel.Win32Exception (258): The wait operation timed out.
   at Microsoft.Data.SqlClient.SqlInternalConnection.OnError(SqlException exception, Boolean breakConnection, Action`1 wrapCloseInAction)
   at Microsoft.Data.SqlClient.TdsParser.ThrowExceptionAndWarning(TdsParserStateObject stateObj, Boolean callerHasConnectionLock, Boolean asyncClose)
   at Microsoft.Data.SqlClient.TdsParserStateObject.ThrowExceptionAndWarning(Boolean callerHasConnectionLock, Boolean asyncClose)
   at Microsoft.Data.SqlClient.TdsParserStateObject.ReadSniError(TdsParserStateObject stateObj, UInt32 error)
   at Microsoft.Data.SqlClient.TdsParserStateObject.ReadSniSyncOverAsync()
   at Microsoft.Data.SqlClient.TdsParserStateObject.TryReadNetworkPacket()
   at Microsoft.Data.SqlClient.TdsParser.ConsumePreLoginHandshake(SqlConnectionEncryptOption encrypt, Boolean trustServerCert, Boolean integratedSecurity, Boolean& marsCapable, Boolean& fedAuthRequired, Boolean tlsFirst, String serverCert)
   at Microsoft.Data.SqlClient.TdsParser.Connect(ServerInfo serverInfo, SqlInternalConnectionTds connHandler, Boolean ignoreSniOpenTimeout, Int64 timerExpire, SqlConnectionString connectionOptions, Boolean withFailover)
   at Microsoft.Data.SqlClient.SqlInternalConnectionTds.AttemptOneLogin(ServerInfo serverInfo, String newPassword, SecureString newSecurePassword, Boolean ignoreSniOpenTimeout, TimeoutTimer timeout, Boolean withFailover)
   at Microsoft.Data.SqlClient.SqlInternalConnectionTds.LoginNoFailover(ServerInfo serverInfo, String newPassword, SecureString newSecurePassword, Boolean redirectedUserInstance, SqlConnectionString connectionOptions, SqlCredential credential, TimeoutTimer timeout)
   at Microsoft.Data.SqlClient.SqlInternalConnectionTds.OpenLoginEnlist(TimeoutTimer timeout, SqlConnectionString connectionOptions, SqlCredential credential, String newPassword, SecureString newSecurePassword, Boolean redirectedUserInstance)
   at Microsoft.Data.SqlClient.SqlInternalConnectionTds..ctor(DbConnectionPoolIdentity identity, SqlConnectionString connectionOptions, SqlCredential credential, Object providerInfo, String newPassword, SecureString newSecurePassword, Boolean redirectedUserInstance, SqlConnectionString userConnectionOptions, SessionData reconnectSessionData, Boolean applyTransientFaultHandling, String accessToken, DbConnectionPool pool)
   at Microsoft.Data.SqlClient.SqlConnectionFactory.CreateConnection(DbConnectionOptions options, DbConnectionPoolKey poolKey, Object poolGroupProviderInfo, DbConnectionPool pool, DbConnection owningConnection, DbConnectionOptions userOptions)
   at Microsoft.Data.ProviderBase.DbConnectionFactory.CreatePooledConnection(DbConnectionPool pool, DbConnection owningObject, DbConnectionOptions options, DbConnectionPoolKey poolKey, DbConnectionOptions userOptions)
   at Microsoft.Data.ProviderBase.DbConnectionPool.CreateObject(DbConnection owningObject, DbConnectionOptions userOptions, DbConnectionInternal oldConnection)
   at Microsoft.Data.ProviderBase.DbConnectionPool.UserCreateRequest(DbConnection owningObject, DbConnectionOptions userOptions, DbConnectionInternal oldConnection)
   at Microsoft.Data.ProviderBase.DbConnectionPool.TryGetConnection(DbConnection owningObject, UInt32 waitForMultipleObjectsTimeout, Boolean allowCreate, Boolean onlyOneCheckConnection, DbConnectionOptions userOptions, DbConnectionInternal& connection)
   at Microsoft.Data.ProviderBase.DbConnectionPool.WaitForPendingOpen()
--- End of stack trace from previous location ---
   at Microsoft.EntityFrameworkCore.Storage.RelationalConnection.OpenInternalAsync(Boolean errorsExpected, CancellationToken cancellationToken)
   at Microsoft.EntityFrameworkCore.Storage.RelationalConnection.OpenInternalAsync(Boolean errorsExpected, CancellationToken cancellationToken)
   at Microsoft.EntityFrameworkCore.Storage.RelationalConnection.OpenAsync(CancellationToken cancellationToken, Boolean errorsExpected)
   at Microsoft.EntityFrameworkCore.Storage.RelationalCommand.ExecuteReaderAsync(RelationalCommandParameterObject parameterObject, CancellationToken cancellationToken)
   at Microsoft.EntityFrameworkCore.Query.Internal.SingleQueryingEnumerable`1.AsyncEnumerator.InitializeReaderAsync(AsyncEnumerator enumerator, CancellationToken cancellationToken)
   at Microsoft.EntityFrameworkCore.SqlServer.Storage.Internal.SqlServerExecutionStrategy.ExecuteAsync[TState,TResult](TState state, Func`4 operation, Func`4 verifySucceeded, CancellationToken cancellationToken)
   at Microsoft.EntityFrameworkCore.Query.Internal.SingleQueryingEnumerable`1.AsyncEnumerator.MoveNextAsync()
ClientConnectionId:c43a772c-2a92-4ef0-8fc6-d152c37cf361
Error Number:-2,State:0,Class:11
Microsoft.Data.SqlClient.SqlException (0x80131904): Connection Timeout Expired.  The timeout period elapsed while attempting to consume the pre-login handshake acknowledgement.  This could be because the pre-login handshake failed or the server was unable to respond back in time.  The duration spent while attempting to connect to this server was - [Pre-Login] initialization=17025; handshake=11; 
 ---> System.ComponentModel.Win32Exception (258): The wait operation timed out.
   at Microsoft.Data.SqlClient.SqlInternalConnection.OnError(SqlException exception, Boolean breakConnection, Action`1 wrapCloseInAction)
   at Microsoft.Data.SqlClient.TdsParser.ThrowExceptionAndWarning(TdsParserStateObject stateObj, Boolean callerHasConnectionLock, Boolean asyncClose)
   at Microsoft.Data.SqlClient.TdsParserStateObject.ThrowExceptionAndWarning(Boolean callerHasConnectionLock, Boolean asyncClose)
   at Microsoft.Data.SqlClient.TdsParserStateObject.ReadSniError(TdsParserStateObject stateObj, UInt32 error)
   at Microsoft.Data.SqlClient.TdsParserStateObject.ReadSniSyncOverAsync()
   at Microsoft.Data.SqlClient.TdsParserStateObject.TryReadNetworkPacket()
   at Microsoft.Data.SqlClient.TdsParser.ConsumePreLoginHandshake(SqlConnectionEncryptOption encrypt, Boolean trustServerCert, Boolean integratedSecurity, Boolean& marsCapable, Boolean& fedAuthRequired, Boolean tlsFirst, String serverCert)
   at Microsoft.Data.SqlClient.TdsParser.Connect(ServerInfo serverInfo, SqlInternalConnectionTds connHandler, Boolean ignoreSniOpenTimeout, Int64 timerExpire, SqlConnectionString connectionOptions, Boolean withFailover)
   at Microsoft.Data.SqlClient.SqlInternalConnectionTds.AttemptOneLogin(ServerInfo serverInfo, String newPassword, SecureString newSecurePassword, Boolean ignoreSniOpenTimeout, TimeoutTimer timeout, Boolean withFailover)
   at Microsoft.Data.SqlClient.SqlInternalConnectionTds.LoginNoFailover(ServerInfo serverInfo, String newPassword, SecureString newSecurePassword, Boolean redirectedUserInstance, SqlConnectionString connectionOptions, SqlCredential credential, TimeoutTimer timeout)
   at Microsoft.Data.SqlClient.SqlInternalConnectionTds.OpenLoginEnlist(TimeoutTimer timeout, SqlConnectionString connectionOptions, SqlCredential credential, String newPassword, SecureString newSecurePassword, Boolean redirectedUserInstance)
   at Microsoft.Data.SqlClient.SqlInternalConnectionTds..ctor(DbConnectionPoolIdentity identity, SqlConnectionString connectionOptions, SqlCredential credential, Object providerInfo, String newPassword, SecureString newSecurePassword, Boolean redirectedUserInstance, SqlConnectionString userConnectionOptions, SessionData reconnectSessionData, Boolean applyTransientFaultHandling, String accessToken, DbConnectionPool pool)
   at Microsoft.Data.SqlClient.SqlConnectionFactory.CreateConnection(DbConnectionOptions options, DbConnectionPoolKey poolKey, Object poolGroupProviderInfo, DbConnectionPool pool, DbConnection owningConnection, DbConnectionOptions userOptions)
   at Microsoft.Data.ProviderBase.DbConnectionFactory.CreatePooledConnection(DbConnectionPool pool, DbConnection owningObject, DbConnectionOptions options, DbConnectionPoolKey poolKey, DbConnectionOptions userOptions)
   at Microsoft.Data.ProviderBase.DbConnectionPool.CreateObject(DbConnection owningObject, DbConnectionOptions userOptions, DbConnectionInternal oldConnection)
   at Microsoft.Data.ProviderBase.DbConnectionPool.UserCreateRequest(DbConnection owningObject, DbConnectionOptions userOptions, DbConnectionInternal oldConnection)
   at Microsoft.Data.ProviderBase.DbConnectionPool.TryGetConnection(DbConnection owningObject, UInt32 waitForMultipleObjectsTimeout, Boolean allowCreate, Boolean onlyOneCheckConnection, DbConnectionOptions userOptions, DbConnectionInternal& connection)
   at Microsoft.Data.ProviderBase.DbConnectionPool.WaitForPendingOpen()
--- End of stack trace from previous location ---
   at Microsoft.EntityFrameworkCore.Storage.RelationalConnection.OpenInternalAsync(Boolean errorsExpected, CancellationToken cancellationToken)
   at Microsoft.EntityFrameworkCore.Storage.RelationalConnection.OpenInternalAsync(Boolean errorsExpected, CancellationToken cancellationToken)
   at Microsoft.EntityFrameworkCore.Storage.RelationalConnection.OpenAsync(CancellationToken cancellationToken, Boolean errorsExpected)
   at Microsoft.EntityFrameworkCore.Storage.RelationalCommand.ExecuteReaderAsync(RelationalCommandParameterObject parameterObject, CancellationToken cancellationToken)
   at Microsoft.EntityFrameworkCore.Query.Internal.SingleQueryingEnumerable`1.AsyncEnumerator.InitializeReaderAsync(AsyncEnumerator enumerator, CancellationToken cancellationToken)
   at Microsoft.EntityFrameworkCore.SqlServer.Storage.Internal.SqlServerExecutionStrategy.ExecuteAsync[TState,TResult](TState state, Func`4 operation, Func`4 verifySucceeded, CancellationToken cancellationToken)
   at Microsoft.EntityFrameworkCore.Query.Internal.SingleQueryingEnumerable`1.AsyncEnumerator.MoveNextAsync()
ClientConnectionId:c43a772c-2a92-4ef0-8fc6-d152c37cf361
Error Number:-2,State:0,Class:11
2026-06-26 11:31:18.279 +05:30 [ERR] PaymentService | An unhandled exception has occurred while executing the request.
Microsoft.Data.SqlClient.SqlException (0x80131904): Connection Timeout Expired.  The timeout period elapsed while attempting to consume the pre-login handshake acknowledgement.  This could be because the pre-login handshake failed or the server was unable to respond back in time.  The duration spent while attempting to connect to this server was - [Pre-Login] initialization=17025; handshake=11; 
 ---> System.ComponentModel.Win32Exception (258): The wait operation timed out.
   at Microsoft.Data.SqlClient.SqlInternalConnection.OnError(SqlException exception, Boolean breakConnection, Action`1 wrapCloseInAction)
   at Microsoft.Data.SqlClient.TdsParser.ThrowExceptionAndWarning(TdsParserStateObject stateObj, Boolean callerHasConnectionLock, Boolean asyncClose)
   at Microsoft.Data.SqlClient.TdsParserStateObject.ThrowExceptionAndWarning(Boolean callerHasConnectionLock, Boolean asyncClose)
   at Microsoft.Data.SqlClient.TdsParserStateObject.ReadSniError(TdsParserStateObject stateObj, UInt32 error)
   at Microsoft.Data.SqlClient.TdsParserStateObject.ReadSniSyncOverAsync()
   at Microsoft.Data.SqlClient.TdsParserStateObject.TryReadNetworkPacket()
   at Microsoft.Data.SqlClient.TdsParser.ConsumePreLoginHandshake(SqlConnectionEncryptOption encrypt, Boolean trustServerCert, Boolean integratedSecurity, Boolean& marsCapable, Boolean& fedAuthRequired, Boolean tlsFirst, String serverCert)
   at Microsoft.Data.SqlClient.TdsParser.Connect(ServerInfo serverInfo, SqlInternalConnectionTds connHandler, Boolean ignoreSniOpenTimeout, Int64 timerExpire, SqlConnectionString connectionOptions, Boolean withFailover)
   at Microsoft.Data.SqlClient.SqlInternalConnectionTds.AttemptOneLogin(ServerInfo serverInfo, String newPassword, SecureString newSecurePassword, Boolean ignoreSniOpenTimeout, TimeoutTimer timeout, Boolean withFailover)
   at Microsoft.Data.SqlClient.SqlInternalConnectionTds.LoginNoFailover(ServerInfo serverInfo, String newPassword, SecureString newSecurePassword, Boolean redirectedUserInstance, SqlConnectionString connectionOptions, SqlCredential credential, TimeoutTimer timeout)
   at Microsoft.Data.SqlClient.SqlInternalConnectionTds.OpenLoginEnlist(TimeoutTimer timeout, SqlConnectionString connectionOptions, SqlCredential credential, String newPassword, SecureString newSecurePassword, Boolean redirectedUserInstance)
   at Microsoft.Data.SqlClient.SqlInternalConnectionTds..ctor(DbConnectionPoolIdentity identity, SqlConnectionString connectionOptions, SqlCredential credential, Object providerInfo, String newPassword, SecureString newSecurePassword, Boolean redirectedUserInstance, SqlConnectionString userConnectionOptions, SessionData reconnectSessionData, Boolean applyTransientFaultHandling, String accessToken, DbConnectionPool pool)
   at Microsoft.Data.SqlClient.SqlConnectionFactory.CreateConnection(DbConnectionOptions options, DbConnectionPoolKey poolKey, Object poolGroupProviderInfo, DbConnectionPool pool, DbConnection owningConnection, DbConnectionOptions userOptions)
   at Microsoft.Data.ProviderBase.DbConnectionFactory.CreatePooledConnection(DbConnectionPool pool, DbConnection owningObject, DbConnectionOptions options, DbConnectionPoolKey poolKey, DbConnectionOptions userOptions)
   at Microsoft.Data.ProviderBase.DbConnectionPool.CreateObject(DbConnection owningObject, DbConnectionOptions userOptions, DbConnectionInternal oldConnection)
   at Microsoft.Data.ProviderBase.DbConnectionPool.UserCreateRequest(DbConnection owningObject, DbConnectionOptions userOptions, DbConnectionInternal oldConnection)
   at Microsoft.Data.ProviderBase.DbConnectionPool.TryGetConnection(DbConnection owningObject, UInt32 waitForMultipleObjectsTimeout, Boolean allowCreate, Boolean onlyOneCheckConnection, DbConnectionOptions userOptions, DbConnectionInternal& connection)
   at Microsoft.Data.ProviderBase.DbConnectionPool.WaitForPendingOpen()
--- End of stack trace from previous location ---
   at Microsoft.EntityFrameworkCore.Storage.RelationalConnection.OpenInternalAsync(Boolean errorsExpected, CancellationToken cancellationToken)
   at Microsoft.EntityFrameworkCore.Storage.RelationalConnection.OpenInternalAsync(Boolean errorsExpected, CancellationToken cancellationToken)
   at Microsoft.EntityFrameworkCore.Storage.RelationalConnection.OpenAsync(CancellationToken cancellationToken, Boolean errorsExpected)
   at Microsoft.EntityFrameworkCore.Storage.RelationalCommand.ExecuteReaderAsync(RelationalCommandParameterObject parameterObject, CancellationToken cancellationToken)
   at Microsoft.EntityFrameworkCore.Query.Internal.SingleQueryingEnumerable`1.AsyncEnumerator.InitializeReaderAsync(AsyncEnumerator enumerator, CancellationToken cancellationToken)
   at Microsoft.EntityFrameworkCore.SqlServer.Storage.Internal.SqlServerExecutionStrategy.ExecuteAsync[TState,TResult](TState state, Func`4 operation, Func`4 verifySucceeded, CancellationToken cancellationToken)
   at Microsoft.EntityFrameworkCore.Query.Internal.SingleQueryingEnumerable`1.AsyncEnumerator.MoveNextAsync()
   at Microsoft.EntityFrameworkCore.EntityFrameworkQueryableExtensions.ToListAsync[TSource](IQueryable`1 source, CancellationToken cancellationToken)
   at Microsoft.EntityFrameworkCore.EntityFrameworkQueryableExtensions.ToListAsync[TSource](IQueryable`1 source, CancellationToken cancellationToken)
   at PaymentService.Services.PaymentProcessingService.GetUserPaymentsAsync(Int32 userId) in C:\Users\2492212\OneDrive - Cognizant\Desktop\qwerty\Sruthi_frontend\updated-UI-main\backend\PaymentService\Services\PaymentProcessingService.cs:line 153
   at PaymentService.Controllers.PaymentsController.GetMyPayments() in C:\Users\2492212\OneDrive - Cognizant\Desktop\qwerty\Sruthi_frontend\updated-UI-main\backend\PaymentService\Controllers\PaymentsController.cs:line 47
   at Microsoft.AspNetCore.Mvc.Infrastructure.ActionMethodExecutor.TaskOfIActionResultExecutor.Execute(ActionContext actionContext, IActionResultTypeMapper mapper, ObjectMethodExecutor executor, Object controller, Object[] arguments)
   at Microsoft.AspNetCore.Mvc.Infrastructure.ControllerActionInvoker.<InvokeActionMethodAsync>g__Awaited|12_0(ControllerActionInvoker invoker, ValueTask`1 actionResultValueTask)
   at Microsoft.AspNetCore.Mvc.Infrastructure.ControllerActionInvoker.<InvokeNextActionFilterAsync>g__Awaited|10_0(ControllerActionInvoker invoker, Task lastTask, State next, Scope scope, Object state, Boolean isCompleted)
   at Microsoft.AspNetCore.Mvc.Infrastructure.ControllerActionInvoker.Rethrow(ActionExecutedContextSealed context)
   at Microsoft.AspNetCore.Mvc.Infrastructure.ControllerActionInvoker.Next(State& next, Scope& scope, Object& state, Boolean& isCompleted)
   at Microsoft.AspNetCore.Mvc.Infrastructure.ControllerActionInvoker.<InvokeInnerFilterAsync>g__Awaited|13_0(ControllerActionInvoker invoker, Task lastTask, State next, Scope scope, Object state, Boolean isCompleted)
   at Microsoft.AspNetCore.Mvc.Infrastructure.ResourceInvoker.<InvokeFilterPipelineAsync>g__Awaited|20_0(ResourceInvoker invoker, Task lastTask, State next, Scope scope, Object state, Boolean isCompleted)
   at Microsoft.AspNetCore.Mvc.Infrastructure.ResourceInvoker.<InvokeAsync>g__Awaited|17_0(ResourceInvoker invoker, Task task, IDisposable scope)
   at Microsoft.AspNetCore.Mvc.Infrastructure.ResourceInvoker.<InvokeAsync>g__Awaited|17_0(ResourceInvoker invoker, Task task, IDisposable scope)
   at Microsoft.AspNetCore.Authorization.AuthorizationMiddleware.Invoke(HttpContext context)
   at Microsoft.AspNetCore.Authentication.AuthenticationMiddleware.Invoke(HttpContext context)
   at Swashbuckle.AspNetCore.SwaggerUI.SwaggerUIMiddleware.Invoke(HttpContext httpContext)
   at Swashbuckle.AspNetCore.Swagger.SwaggerMiddleware.Invoke(HttpContext httpContext, ISwaggerProvider swaggerProvider)
   at Microsoft.AspNetCore.Diagnostics.DeveloperExceptionPageMiddlewareImpl.Invoke(HttpContext context)
ClientConnectionId:c43a772c-2a92-4ef0-8fc6-d152c37cf361
Error Number:-2,State:0,Class:11
2026-06-26 11:48:23.659 +05:30 [INF] PaymentService | Starting Payment Service...
2026-06-26 11:48:26.446 +05:30 [INF] PaymentService | Payment Service started successfully on port 5005
2026-06-26 11:48:27.047 +05:30 [INF] PaymentService | Now listening on: http://localhost:5005
2026-06-26 11:48:27.423 +05:30 [INF] PaymentService | Application started. Press Ctrl+C to shut down.
2026-06-26 11:48:27.472 +05:30 [INF] PaymentService | Hosting environment: Development
2026-06-26 11:48:27.475 +05:30 [INF] PaymentService | Content root path: C:\Users\2492212\OneDrive - Cognizant\Desktop\qwerty\Sruthi_frontend\updated-UI-main\backend\PaymentService
2026-06-26 11:58:58.596 +05:30 [INF] PaymentService | Starting Payment Service...
2026-06-26 11:59:00.498 +05:30 [INF] PaymentService | Payment Service started successfully on port 5005
2026-06-26 11:59:01.243 +05:30 [INF] PaymentService | Now listening on: http://localhost:5005
2026-06-26 11:59:01.429 +05:30 [INF] PaymentService | Application started. Press Ctrl+C to shut down.
2026-06-26 11:59:01.762 +05:30 [INF] PaymentService | Hosting environment: Development
2026-06-26 11:59:01.788 +05:30 [INF] PaymentService | Content root path: C:\Users\2492212\OneDrive - Cognizant\Desktop\qwerty\Sruthi_frontend\updated-UI-main\backend\PaymentService
2026-06-26 12:01:43.377 +05:30 [INF] PaymentService | Starting Payment Service...
2026-06-26 12:01:45.335 +05:30 [INF] PaymentService | Payment Service started successfully on port 5005
2026-06-26 12:01:46.086 +05:30 [INF] PaymentService | Now listening on: http://localhost:5005
2026-06-26 12:01:46.257 +05:30 [INF] PaymentService | Application started. Press Ctrl+C to shut down.
2026-06-26 12:01:46.279 +05:30 [INF] PaymentService | Hosting environment: Development
2026-06-26 12:01:46.315 +05:30 [INF] PaymentService | Content root path: C:\Users\2492212\OneDrive - Cognizant\Desktop\qwerty\Sruthi_frontend\updated-UI-main\backend\PaymentService
2026-06-26 12:06:09.758 +05:30 [INF] PaymentService | Start processing HTTP request PUT http://localhost:5004/api/bookings/2/payment
2026-06-26 12:06:09.770 +05:30 [INF] PaymentService | Sending HTTP request PUT http://localhost:5004/api/bookings/2/payment
2026-06-26 12:06:09.888 +05:30 [INF] PaymentService | Received HTTP response headers after 109.8334ms - 200
2026-06-26 12:06:09.901 +05:30 [INF] PaymentService | End processing HTTP request after 151.1892ms - 200
2026-06-26 12:06:09.912 +05:30 [INF] PaymentService | Start processing HTTP request POST http://localhost:5007/api/loyalty/earn
2026-06-26 12:06:09.916 +05:30 [INF] PaymentService | Sending HTTP request POST http://localhost:5007/api/loyalty/earn
2026-06-26 12:06:10.509 +05:30 [INF] PaymentService | Received HTTP response headers after 589.9683ms - 200
2026-06-26 12:06:10.525 +05:30 [INF] PaymentService | End processing HTTP request after 612.6178ms - 200
2026-06-26 12:06:10.539 +05:30 [INF] PaymentService | Successfully earned loyalty points for booking 2 with amount 5000.00
2026-06-26 14:05:11.165 +05:30 [INF] PaymentService | Start processing HTTP request PUT http://localhost:5004/api/bookings/1/payment
2026-06-26 14:05:11.189 +05:30 [INF] PaymentService | Sending HTTP request PUT http://localhost:5004/api/bookings/1/payment
2026-06-26 14:05:11.318 +05:30 [INF] PaymentService | Received HTTP response headers after 123.3604ms - 200
2026-06-26 14:05:11.325 +05:30 [INF] PaymentService | End processing HTTP request after 162.1008ms - 200
2026-06-26 14:05:11.347 +05:30 [INF] PaymentService | Start processing HTTP request POST http://localhost:5007/api/loyalty/redeem
2026-06-26 14:05:11.351 +05:30 [INF] PaymentService | Sending HTTP request POST http://localhost:5007/api/loyalty/redeem
2026-06-26 14:05:11.616 +05:30 [INF] PaymentService | Received HTTP response headers after 259.8793ms - 200
2026-06-26 14:05:11.621 +05:30 [INF] PaymentService | End processing HTTP request after 274.0419ms - 200
2026-06-26 14:05:11.627 +05:30 [INF] PaymentService | Successfully redeemed 40000 points for booking 1
2026-06-26 14:05:11.630 +05:30 [INF] PaymentService | Start processing HTTP request POST http://localhost:5007/api/loyalty/earn
2026-06-26 14:05:11.634 +05:30 [INF] PaymentService | Sending HTTP request POST http://localhost:5007/api/loyalty/earn
2026-06-26 14:05:11.661 +05:30 [INF] PaymentService | Received HTTP response headers after 20.6856ms - 200
2026-06-26 14:05:11.664 +05:30 [INF] PaymentService | End processing HTTP request after 34.1497ms - 200
2026-06-26 14:05:11.667 +05:30 [INF] PaymentService | Successfully earned loyalty points for booking 1 with amount 4600.00
2026-06-26 16:54:07.563 +05:30 [INF] PaymentService | Starting Payment Service...
2026-06-26 16:54:07.839 +05:30 [FTL] PaymentService | Payment Service failed to start
Microsoft.Extensions.Hosting.HostAbortedException: The host was aborted.
   at Microsoft.Extensions.Hosting.HostFactoryResolver.HostingListener.ThrowHostAborted()
   at Microsoft.Extensions.Hosting.HostFactoryResolver.HostingListener.OnNext(KeyValuePair`2 value)
   at System.Diagnostics.DiagnosticListener.Write(String name, Object value)
   at Microsoft.Extensions.Hosting.HostBuilder.ResolveHost(IServiceProvider serviceProvider, DiagnosticListener diagnosticListener)
   at Microsoft.Extensions.Hosting.HostApplicationBuilder.Build()
   at Microsoft.AspNetCore.Builder.WebApplicationBuilder.Build()
   at Program.<Main>$(String[] args) in C:\Users\2492194\Downloads\backend\backend\PaymentService\Program.cs:line 103
2026-06-26 16:54:22.682 +05:30 [INF] PaymentService | Starting Payment Service...
2026-06-26 16:54:22.886 +05:30 [FTL] PaymentService | Payment Service failed to start
Microsoft.Extensions.Hosting.HostAbortedException: The host was aborted.
   at Microsoft.Extensions.Hosting.HostFactoryResolver.HostingListener.ThrowHostAborted()
   at Microsoft.Extensions.Hosting.HostFactoryResolver.HostingListener.OnNext(KeyValuePair`2 value)
   at System.Diagnostics.DiagnosticListener.Write(String name, Object value)
   at Microsoft.Extensions.Hosting.HostBuilder.ResolveHost(IServiceProvider serviceProvider, DiagnosticListener diagnosticListener)
   at Microsoft.Extensions.Hosting.HostApplicationBuilder.Build()
   at Microsoft.AspNetCore.Builder.WebApplicationBuilder.Build()
   at Program.<Main>$(String[] args) in C:\Users\2492194\Downloads\backend\backend\PaymentService\Program.cs:line 103
2026-06-26 17:07:02.510 +05:30 [INF] PaymentService | Starting Payment Service...
2026-06-26 17:07:02.843 +05:30 [FTL] PaymentService | Payment Service failed to start
Microsoft.Extensions.Hosting.HostAbortedException: The host was aborted.
   at Microsoft.Extensions.Hosting.HostFactoryResolver.HostingListener.ThrowHostAborted()
   at Microsoft.Extensions.Hosting.HostFactoryResolver.HostingListener.OnNext(KeyValuePair`2 value)
   at System.Diagnostics.DiagnosticListener.Write(String name, Object value)
   at Microsoft.Extensions.Hosting.HostBuilder.ResolveHost(IServiceProvider serviceProvider, DiagnosticListener diagnosticListener)
   at Microsoft.Extensions.Hosting.HostApplicationBuilder.Build()
   at Microsoft.AspNetCore.Builder.WebApplicationBuilder.Build()
   at Program.<Main>$(String[] args) in C:\Users\2492194\Downloads\backend\backend\PaymentService\Program.cs:line 103
2026-06-26 17:07:45.010 +05:30 [INF] PaymentService | Starting Payment Service...
2026-06-26 17:07:45.298 +05:30 [FTL] PaymentService | Payment Service failed to start
Microsoft.Extensions.Hosting.HostAbortedException: The host was aborted.
   at Microsoft.Extensions.Hosting.HostFactoryResolver.HostingListener.ThrowHostAborted()
   at Microsoft.Extensions.Hosting.HostFactoryResolver.HostingListener.OnNext(KeyValuePair`2 value)
   at System.Diagnostics.DiagnosticListener.Write(String name, Object value)
   at Microsoft.Extensions.Hosting.HostBuilder.ResolveHost(IServiceProvider serviceProvider, DiagnosticListener diagnosticListener)
   at Microsoft.Extensions.Hosting.HostApplicationBuilder.Build()
   at Microsoft.AspNetCore.Builder.WebApplicationBuilder.Build()
   at Program.<Main>$(String[] args) in C:\Users\2492194\Downloads\backend\backend\PaymentService\Program.cs:line 103
2026-06-26 17:13:31.005 +05:30 [INF] PaymentService | Starting Payment Service...
2026-06-26 17:13:32.554 +05:30 [INF] PaymentService | Payment Service started successfully on port 5005
2026-06-26 17:13:33.032 +05:30 [INF] PaymentService | Now listening on: http://localhost:5005
2026-06-26 17:13:33.144 +05:30 [INF] PaymentService | Application started. Press Ctrl+C to shut down.
2026-06-26 17:13:33.174 +05:30 [INF] PaymentService | Hosting environment: Development
2026-06-26 17:13:33.183 +05:30 [INF] PaymentService | Content root path: C:\Users\2492194\Downloads\backend\backend\PaymentService
2026-06-26 18:08:45.333 +05:30 [INF] PaymentService | Start processing HTTP request PUT http://localhost:5004/api/bookings/1/payment
2026-06-26 18:08:45.347 +05:30 [INF] PaymentService | Sending HTTP request PUT http://localhost:5004/api/bookings/1/payment
2026-06-26 18:08:45.445 +05:30 [INF] PaymentService | Received HTTP response headers after 92.6091ms - 200
2026-06-26 18:08:45.457 +05:30 [INF] PaymentService | End processing HTTP request after 129.4633ms - 200
2026-06-26 18:08:45.464 +05:30 [INF] PaymentService | Start processing HTTP request POST http://localhost:5007/api/loyalty/earn
2026-06-26 18:08:45.466 +05:30 [INF] PaymentService | Sending HTTP request POST http://localhost:5007/api/loyalty/earn
2026-06-26 18:08:45.664 +05:30 [INF] PaymentService | Received HTTP response headers after 195.3363ms - 200
2026-06-26 18:08:45.667 +05:30 [INF] PaymentService | End processing HTTP request after 202.9169ms - 200
2026-06-26 18:08:45.676 +05:30 [INF] PaymentService | Successfully earned loyalty points for booking 1 with amount 4500.00
