2026-06-26 08:59:27.693 +05:30 [INF] ReviewService | Starting Review Service...
2026-06-26 08:59:32.452 +05:30 [INF] ReviewService | Review Service started successfully on port 5006
2026-06-26 08:59:34.209 +05:30 [INF] ReviewService | Now listening on: http://localhost:5006
2026-06-26 08:59:34.490 +05:30 [INF] ReviewService | Application started. Press Ctrl+C to shut down.
2026-06-26 08:59:34.733 +05:30 [INF] ReviewService | Hosting environment: Development
2026-06-26 08:59:34.789 +05:30 [INF] ReviewService | Content root path: C:\Users\2492212\OneDrive - Cognizant\Desktop\qwerty\Sruthi_frontend\updated-UI-main\backend\ReviewService
2026-06-26 10:27:01.177 +05:30 [INF] ReviewService | Starting Review Service...
2026-06-26 10:27:06.266 +05:30 [INF] ReviewService | Review Service started successfully on port 5006
2026-06-26 10:27:09.409 +05:30 [INF] ReviewService | Now listening on: http://localhost:5006
2026-06-26 10:27:10.506 +05:30 [INF] ReviewService | Application started. Press Ctrl+C to shut down.
2026-06-26 10:27:10.742 +05:30 [INF] ReviewService | Hosting environment: Development
2026-06-26 10:27:10.949 +05:30 [INF] ReviewService | Content root path: C:\Users\2492212\OneDrive - Cognizant\Desktop\qwerty\Sruthi_frontend\updated-UI-main\backend\ReviewService
2026-06-26 10:40:10.746 +05:30 [INF] ReviewService | Starting Review Service...
2026-06-26 10:40:13.796 +05:30 [INF] ReviewService | Review Service started successfully on port 5006
2026-06-26 10:40:17.120 +05:30 [INF] ReviewService | Now listening on: http://localhost:5006
2026-06-26 10:40:17.423 +05:30 [INF] ReviewService | Application started. Press Ctrl+C to shut down.
2026-06-26 10:40:17.541 +05:30 [INF] ReviewService | Hosting environment: Development
2026-06-26 10:40:17.548 +05:30 [INF] ReviewService | Content root path: C:\Users\2492212\OneDrive - Cognizant\Desktop\qwerty\Sruthi_frontend\updated-UI-main\backend\ReviewService
2026-06-26 11:48:23.851 +05:30 [INF] ReviewService | Starting Review Service...
2026-06-26 11:48:26.539 +05:30 [INF] ReviewService | Review Service started successfully on port 5006
2026-06-26 11:48:27.065 +05:30 [INF] ReviewService | Now listening on: http://localhost:5006
2026-06-26 11:48:27.239 +05:30 [INF] ReviewService | Application started. Press Ctrl+C to shut down.
2026-06-26 11:48:27.243 +05:30 [INF] ReviewService | Hosting environment: Development
2026-06-26 11:48:27.245 +05:30 [INF] ReviewService | Content root path: C:\Users\2492212\OneDrive - Cognizant\Desktop\qwerty\Sruthi_frontend\updated-UI-main\backend\ReviewService
2026-06-26 11:58:58.488 +05:30 [INF] ReviewService | Starting Review Service...
2026-06-26 11:59:00.415 +05:30 [INF] ReviewService | Review Service started successfully on port 5006
2026-06-26 11:59:01.169 +05:30 [INF] ReviewService | Now listening on: http://localhost:5006
2026-06-26 11:59:01.362 +05:30 [INF] ReviewService | Application started. Press Ctrl+C to shut down.
2026-06-26 11:59:01.529 +05:30 [INF] ReviewService | Hosting environment: Development
2026-06-26 11:59:01.756 +05:30 [INF] ReviewService | Content root path: C:\Users\2492212\OneDrive - Cognizant\Desktop\qwerty\Sruthi_frontend\updated-UI-main\backend\ReviewService
2026-06-26 12:01:43.553 +05:30 [INF] ReviewService | Starting Review Service...
2026-06-26 12:01:45.774 +05:30 [INF] ReviewService | Review Service started successfully on port 5006
2026-06-26 12:01:48.259 +05:30 [INF] ReviewService | Now listening on: http://localhost:5006
2026-06-26 12:01:48.488 +05:30 [INF] ReviewService | Application started. Press Ctrl+C to shut down.
2026-06-26 12:01:48.494 +05:30 [INF] ReviewService | Hosting environment: Development
2026-06-26 12:01:48.501 +05:30 [INF] ReviewService | Content root path: C:\Users\2492212\OneDrive - Cognizant\Desktop\qwerty\Sruthi_frontend\updated-UI-main\backend\ReviewService
2026-06-26 16:55:00.048 +05:30 [INF] ReviewService | Starting Review Service...
2026-06-26 16:55:00.252 +05:30 [FTL] ReviewService | Review Service failed to start
Microsoft.Extensions.Hosting.HostAbortedException: The host was aborted.
   at Microsoft.Extensions.Hosting.HostFactoryResolver.HostingListener.ThrowHostAborted()
   at Microsoft.Extensions.Hosting.HostFactoryResolver.HostingListener.OnNext(KeyValuePair`2 value)
   at System.Diagnostics.DiagnosticListener.Write(String name, Object value)
   at Microsoft.Extensions.Hosting.HostBuilder.ResolveHost(IServiceProvider serviceProvider, DiagnosticListener diagnosticListener)
   at Microsoft.Extensions.Hosting.HostApplicationBuilder.Build()
   at Microsoft.AspNetCore.Builder.WebApplicationBuilder.Build()
   at Program.<Main>$(String[] args) in C:\Users\2492194\Downloads\backend\backend\ReviewService\Program.cs:line 101
2026-06-26 16:55:24.966 +05:30 [INF] ReviewService | Starting Review Service...
2026-06-26 16:55:25.166 +05:30 [FTL] ReviewService | Review Service failed to start
Microsoft.Extensions.Hosting.HostAbortedException: The host was aborted.
   at Microsoft.Extensions.Hosting.HostFactoryResolver.HostingListener.ThrowHostAborted()
   at Microsoft.Extensions.Hosting.HostFactoryResolver.HostingListener.OnNext(KeyValuePair`2 value)
   at System.Diagnostics.DiagnosticListener.Write(String name, Object value)
   at Microsoft.Extensions.Hosting.HostBuilder.ResolveHost(IServiceProvider serviceProvider, DiagnosticListener diagnosticListener)
   at Microsoft.Extensions.Hosting.HostApplicationBuilder.Build()
   at Microsoft.AspNetCore.Builder.WebApplicationBuilder.Build()
   at Program.<Main>$(String[] args) in C:\Users\2492194\Downloads\backend\backend\ReviewService\Program.cs:line 101
2026-06-26 17:08:24.946 +05:30 [INF] ReviewService | Starting Review Service...
2026-06-26 17:08:25.275 +05:30 [FTL] ReviewService | Review Service failed to start
Microsoft.Extensions.Hosting.HostAbortedException: The host was aborted.
   at Microsoft.Extensions.Hosting.HostFactoryResolver.HostingListener.ThrowHostAborted()
   at Microsoft.Extensions.Hosting.HostFactoryResolver.HostingListener.OnNext(KeyValuePair`2 value)
   at System.Diagnostics.DiagnosticListener.Write(String name, Object value)
   at Microsoft.Extensions.Hosting.HostBuilder.ResolveHost(IServiceProvider serviceProvider, DiagnosticListener diagnosticListener)
   at Microsoft.Extensions.Hosting.HostApplicationBuilder.Build()
   at Microsoft.AspNetCore.Builder.WebApplicationBuilder.Build()
   at Program.<Main>$(String[] args) in C:\Users\2492194\Downloads\backend\backend\ReviewService\Program.cs:line 101
2026-06-26 17:08:34.079 +05:30 [INF] ReviewService | Starting Review Service...
2026-06-26 17:08:34.379 +05:30 [FTL] ReviewService | Review Service failed to start
Microsoft.Extensions.Hosting.HostAbortedException: The host was aborted.
   at Microsoft.Extensions.Hosting.HostFactoryResolver.HostingListener.ThrowHostAborted()
   at Microsoft.Extensions.Hosting.HostFactoryResolver.HostingListener.OnNext(KeyValuePair`2 value)
   at System.Diagnostics.DiagnosticListener.Write(String name, Object value)
   at Microsoft.Extensions.Hosting.HostBuilder.ResolveHost(IServiceProvider serviceProvider, DiagnosticListener diagnosticListener)
   at Microsoft.Extensions.Hosting.HostApplicationBuilder.Build()
   at Microsoft.AspNetCore.Builder.WebApplicationBuilder.Build()
   at Program.<Main>$(String[] args) in C:\Users\2492194\Downloads\backend\backend\ReviewService\Program.cs:line 101
2026-06-26 17:13:31.071 +05:30 [INF] ReviewService | Starting Review Service...
2026-06-26 17:13:32.617 +05:30 [INF] ReviewService | Review Service started successfully on port 5006
2026-06-26 17:13:33.344 +05:30 [INF] ReviewService | Now listening on: http://localhost:5006
2026-06-26 17:13:33.505 +05:30 [INF] ReviewService | Application started. Press Ctrl+C to shut down.
2026-06-26 17:13:33.757 +05:30 [INF] ReviewService | Hosting environment: Development
2026-06-26 17:13:34.139 +05:30 [INF] ReviewService | Content root path: C:\Users\2492194\Downloads\backend\backend\ReviewService
2026-06-26 18:09:05.583 +05:30 [INF] ReviewService | Start processing HTTP request PUT http://localhost:5002/api/hotels/1/rating
2026-06-26 18:09:05.599 +05:30 [INF] ReviewService | Sending HTTP request PUT http://localhost:5002/api/hotels/1/rating
2026-06-26 18:09:05.667 +05:30 [INF] ReviewService | Received HTTP response headers after 62.6125ms - 200
2026-06-26 18:09:05.675 +05:30 [INF] ReviewService | End processing HTTP request after 98.4503ms - 200
2026-06-26 18:11:13.036 +05:30 [INF] ReviewService | Start processing HTTP request GET http://localhost:5002/api/hotels/1
2026-06-26 18:11:13.039 +05:30 [INF] ReviewService | Sending HTTP request GET http://localhost:5002/api/hotels/1
2026-06-26 18:11:13.095 +05:30 [INF] ReviewService | Received HTTP response headers after 53.6072ms - 200
2026-06-26 18:11:13.097 +05:30 [INF] ReviewService | End processing HTTP request after 60.3832ms - 200
